D:\OutIng Share\GetHub\esdk_uc_control_cpp\eSDKClient\Release\cl.command.1.tlog
D:\OutIng Share\GetHub\esdk_uc_control_cpp\eSDKClient\Release\CL.read.1.tlog
D:\OutIng Share\GetHub\esdk_uc_control_cpp\eSDKClient\Release\CL.write.1.tlog
D:\OUTING SHARE\GETHUB\ESDK_UC_CONTROL_CPP\ESDKCLIENT\RELEASE\ESDKCLIENT.DLL.INTERMEDIATE.MANIFEST
D:\OUTING SHARE\GETHUB\ESDK_UC_CONTROL_CPP\ESDKCLIENT\RELEASE\ESDKCLIENT.OBJ
D:\OUTING SHARE\GETHUB\ESDK_UC_CONTROL_CPP\ESDKCLIENT\RELEASE\ESDKCLIENT.PCH
D:\OUTING SHARE\GETHUB\ESDK_UC_CONTROL_CPP\ESDKCLIENT\RELEASE\ESDKCLIENT.RES
D:\OutIng Share\GetHub\esdk_uc_control_cpp\eSDKClient\Release\eSDKClient.vcxprojResolveAssemblyReference.cache
D:\OutIng Share\GetHub\esdk_uc_control_cpp\eSDKClient\Release\eSDKClient.write.1.tlog
D:\OUTING SHARE\GETHUB\ESDK_UC_CONTROL_CPP\ESDKCLIENT\RELEASE\ESDKCONFCTRL.OBJ
D:\OUTING SHARE\GETHUB\ESDK_UC_CONTROL_CPP\ESDKCLIENT\RELEASE\ESDKCTRL.OBJ
D:\OUTING SHARE\GETHUB\ESDK_UC_CONTROL_CPP\ESDKCLIENT\RELEASE\ESDKDIALCTRL.OBJ
D:\OUTING SHARE\GETHUB\ESDK_UC_CONTROL_CPP\ESDKCLIENT\RELEASE\ESDKIMCTRL.OBJ
D:\OUTING SHARE\GETHUB\ESDK_UC_CONTROL_CPP\ESDKCLIENT\RELEASE\ESDKSTATUSCTRL.OBJ
D:\OUTING SHARE\GETHUB\ESDK_UC_CONTROL_CPP\ESDKCLIENT\RELEASE\ESDKUTIL.OBJ
D:\OUTING SHARE\GETHUB\ESDK_UC_CONTROL_CPP\ESDKCLIENT\RELEASE\INIFILE.OBJ
D:\OUTING SHARE\GETHUB\ESDK_UC_CONTROL_CPP\ESDKCLIENT\RELEASE\LANGUAGE.OBJ
D:\OutIng Share\GetHub\esdk_uc_control_cpp\eSDKClient\Release\link.command.1.tlog
D:\OutIng Share\GetHub\esdk_uc_control_cpp\eSDKClient\Release\link.read.1.tlog
D:\OutIng Share\GetHub\esdk_uc_control_cpp\eSDKClient\Release\link.write.1.tlog
D:\OutIng Share\GetHub\esdk_uc_control_cpp\eSDKClient\Release\link-cvtres.read.1.tlog
D:\OutIng Share\GetHub\esdk_uc_control_cpp\eSDKClient\Release\link-cvtres.write.1.tlog
D:\OUTING SHARE\GETHUB\ESDK_UC_CONTROL_CPP\ESDKCLIENT\RELEASE\LOGGER.OBJ
D:\OutIng Share\GetHub\esdk_uc_control_cpp\eSDKClient\Release\mt.command.1.tlog
D:\OutIng Share\GetHub\esdk_uc_control_cpp\eSDKClient\Release\mt.read.1.tlog
D:\OutIng Share\GetHub\esdk_uc_control_cpp\eSDKClient\Release\mt.write.1.tlog
D:\OUTING SHARE\GETHUB\ESDK_UC_CONTROL_CPP\ESDKCLIENT\RELEASE\PUBLICFUNCTION.OBJ
D:\OutIng Share\GetHub\esdk_uc_control_cpp\eSDKClient\Release\rc.command.1.tlog
D:\OutIng Share\GetHub\esdk_uc_control_cpp\eSDKClient\Release\rc.read.1.tlog
D:\OutIng Share\GetHub\esdk_uc_control_cpp\eSDKClient\Release\rc.write.1.tlog
D:\OUTING SHARE\GETHUB\ESDK_UC_CONTROL_CPP\ESDKCLIENT\RELEASE\SDKBUTTON.OBJ
D:\OUTING SHARE\GETHUB\ESDK_UC_CONTROL_CPP\ESDKCLIENT\RELEASE\STDAFX.OBJ
D:\OUTING SHARE\GETHUB\ESDK_UC_CONTROL_CPP\ESDKCLIENT\RELEASE\VC100.PDB
D:\OutIng Share\GetHub\esdk_uc_control_cpp\eSDKClient\Release\vc90.idb
D:\OutIng Share\GetHub\esdk_uc_control_cpp\eSDKClient\Release\vc90.pdb
D:\OUTING SHARE\GETHUB\ESDK_UC_CONTROL_CPP\RELEASE\ESDKCLIENT.DLL
D:\OutIng Share\GetHub\esdk_uc_control_cpp\Release\eSDKClient.exp
D:\OutIng Share\GetHub\esdk_uc_control_cpp\Release\eSDKClient.lib
D:\OUTING SHARE\GETHUB\ESDK_UC_CONTROL_CPP\RELEASE\ESDKCLIENT.PDB
